{"name": "Clicking edit profile link", "status": "failed", "statusDetails": {"message": "AssertionError: assert False", "trace": "self = <Web_Testing.Tests.test_accountoverview.TestAccountOverview object at 0x00000219CD3897C8>, setup = None\n\n    @allure.severity(allure.severity_level.BLOCKER)\n    @allure.story(\"Account Overview tests\")\n    @allure.sub_suite(\"Clicking edit profile link\")\n    @allure.title(\"Clicking edit profile link\")\n    @allure.description(\"Clicking edit profile link\")\n    @pytest.mark.Do\n    @pytest.mark.AccountOverview\n    def test_case_7(self, setup):\n        self.account_overview_page.click_edit_profile()\n        if self.driver.current_url == WebHelper().get_account_edit_url():\n            assert True\n        else:\n            WebHelper().report_allure(\"Account Overview link not functional\", self.driver)\n>           assert False\nE           assert False\n\nWeb_Testing\\Tests\\test_accountoverview.py:179: AssertionError"}, "description": "Clicking edit profile link", "attachments": [{"name": "Account Overview link not functional", "source": "e24325c0-9ab6-4fda-a750-201150d45461-attachment.png", "type": "image/png"}], "start": 1586148252122, "stop": 1586148252493, "uuid": "55dbabda-c829-4f57-a08e-ba4a8aee2f10", "historyId": "c302be11362c7a9ec1e21f164c6567ee", "testCaseId": "9f3fe85a62c1f49bb25c3bee616f47bb", "fullName": "Web_Testing.Tests.test_accountoverview.TestAccountOverview#test_case_7", "labels": [{"name": "subSuite", "value": "Clicking edit profile link"}, {"name": "feature", "value": "Account Overview Tests"}, {"name": "severity", "value": "blocker"}, {"name": "suite", "value": "Account Overview Tests"}, {"name": "parentSuite", "value": "End to End testing"}, {"name": "story", "value": "Account Overview tests"}, {"name": "tag", "value": "AccountOverview"}, {"name": "tag", "value": "Do"}, {"name": "host", "value": "LAPTOP-8H6HECEC"}, {"name": "thread", "value": "18576-MainThread"}, {"name": "framework", "value": "pytest"}, {"name": "language", "value": "cpython3"}, {"name": "package", "value": "Web_Testing.Tests.test_accountoverview"}]}