{"name": "Clicking edit profile button", "status": "failed", "statusDetails": {"message": "AssertionError: assert False", "trace": "self = <Web_Testing.Tests.test_accountoverview.TestAccountOverview object at 0x043B19B8>, setup = None\n\n    @allure.severity(allure.severity_level.BLOCKER)\n    @allure.story(\"Account Overview tests\")\n    @allure.sub_suite(\"Clicking edit profile button\")\n    @allure.title(\"Clicking edit profile button\")\n    @allure.description(\"Clicking edit profile button\")\n    @pytest.mark.Do\n    @pytest.mark.AccountOverview\n    def test_case_12(self, setup):\n        self.account_overview_page.click_edit_profile_btn()\n        if self.driver.current_url == WebHelper().get_account_edit_url():\n            assert True\n        else:\n            WebHelper().report_allure(\"edit profile button not functional\", self.driver)\n>           assert False\nE           assert False\n\nWeb_Testing\\Tests\\test_accountoverview.py:255: AssertionError"}, "description": "Clicking edit profile button", "attachments": [{"name": "edit profile button not functional", "source": "3eaf1a1f-a91f-4753-a8f4-2f6d40920350-attachment.png", "type": "image/png"}], "start": 1586059112839, "stop": 1586059113193, "uuid": "881685a7-b01a-494c-aae1-4cd97a040f10", "historyId": "17a383a15937f3bf75b9528eb521a20b", "testCaseId": "7c19e9f9d4e911e2b45202c1a41bd90f", "fullName": "Web_Testing.Tests.test_accountoverview.TestAccountOverview#test_case_12", "labels": [{"name": "parentSuite", "value": "End to End testing"}, {"name": "story", "value": "Account Overview tests"}, {"name": "subSuite", "value": "Clicking edit profile button"}, {"name": "severity", "value": "blocker"}, {"name": "suite", "value": "Account Overview Tests"}, {"name": "feature", "value": "Account Overview Tests"}, {"name": "tag", "value": "AccountOverview"}, {"name": "tag", "value": "Do"}, {"name": "host", "value": "Eman"}, {"name": "thread", "value": "19580-MainThread"}, {"name": "framework", "value": "pytest"}, {"name": "language", "value": "cpython3"}, {"name": "package", "value": "Web_Testing.Tests.test_accountoverview"}]}