{"name": "Clicking Download link", "status": "failed", "statusDetails": {"message": "AssertionError: assert False", "trace": "self = <Web_Testing.Tests.test_accountoverview.TestAccountOverview object at 0x00000219CD3FD148>, setup = None\n\n    @allure.severity(allure.severity_level.BLOCKER)\n    @allure.story(\"Account Overview Tests\")\n    @allure.sub_suite(\"Clicking Download link\")\n    @allure.title(\"Clicking Download link\")\n    @allure.description(\"Clicking Download link\")\n    @pytest.mark.Do\n    @pytest.mark.AccountOverview\n    def test_case_3(self, setup):\n        self.login_first()\n        self.account_overview_page.click_download_link()\n        if self.driver.current_url == WebHelper().get_home_url():\n            assert True\n        else:\n            WebHelper().report_allure(\"Download not functional\", self.driver)\n>           assert False\nE           assert False\n\nWeb_Testing\\Tests\\test_accountoverview.py:114: AssertionError"}, "description": "Clicking Download link", "attachments": [{"name": "Download not functional", "source": "af72451a-14e2-402c-9ebb-7bf7008561e5-attachment.png", "type": "image/png"}], "start": 1586148243427, "stop": 1586148247494, "uuid": "0bed1ae0-2841-49cf-9150-6607cd55b2ac", "historyId": "2892d8ab8636a2ec604d4d8b22e307e8", "testCaseId": "d2de41451b880ecfa45c7121ba0067b1", "fullName": "Web_Testing.Tests.test_accountoverview.TestAccountOverview#test_case_3", "labels": [{"name": "feature", "value": "Account Overview Tests"}, {"name": "severity", "value": "blocker"}, {"name": "suite", "value": "Account Overview Tests"}, {"name": "parentSuite", "value": "End to End testing"}, {"name": "story", "value": "Account Overview Tests"}, {"name": "subSuite", "value": "Clicking Download link"}, {"name": "tag", "value": "AccountOverview"}, {"name": "tag", "value": "Do"}, {"name": "host", "value": "LAPTOP-8H6HECEC"}, {"name": "thread", "value": "18576-MainThread"}, {"name": "framework", "value": "pytest"}, {"name": "language", "value": "cpython3"}, {"name": "package", "value": "Web_Testing.Tests.test_accountoverview"}]}