{"name": "Clicking logout link", "status": "failed", "statusDetails": {"message": "AssertionError: assert False", "trace": "self = <Web_Testing.Tests.test_accountoverview.TestAccountOverview object at 0x04F9BF88>, setup = None\n\n    @allure.severity(allure.severity_level.BLOCKER)\n    @allure.story(\"Account Overview Tests\")\n    @allure.sub_suite(\"Clicking logout link\")\n    @allure.title(\"Clicking logout link\")\n    @allure.description(\"Clicking logout link\")\n    @pytest.mark.Do\n    @pytest.mark.AccounOverview\n    def test_case_13(self, setup):\n        account_overview_page = AccountOverviewPage(self.driver)\n        account_overview_page.click_profile()\n        account_overview_page.click_logout()\n        if self.driver.current_url == WebHelper().get_login_url():\n            assert True\n        else:\n            WebHelper().report_allure(\"Logout link not functional\", self.driver)\n>           assert False\nE           assert False\n\nWeb_Testing\\Tests\\test_accountoverview.py:283: AssertionError"}, "description": "Clicking logout link", "attachments": [{"name": "Logout link not functional", "source": "225b1d66-1c22-41a6-bc56-5416d87a9a14-attachment.png", "type": "image/png"}], "start": 1586057745895, "stop": 1586057746246, "uuid": "f3a8fae5-8448-45d8-989a-36199b0baec8", "historyId": "18abb3f8d6275696d7a1240f296c5048", "testCaseId": "2b269d241c9f881ce99e8ea5e8ff7730", "fullName": "Web_Testing.Tests.test_accountoverview.TestAccountOverview#test_case_13", "labels": [{"name": "parentSuite", "value": "End to End testing"}, {"name": "subSuite", "value": "Clicking logout link"}, {"name": "suite", "value": "Account Overview Tests"}, {"name": "story", "value": "Account Overview Tests"}, {"name": "severity", "value": "blocker"}, {"name": "feature", "value": "Account Overview Tests"}, {"name": "tag", "value": "AccounOverview"}, {"name": "tag", "value": "Do"}, {"name": "host", "value": "Eman"}, {"name": "thread", "value": "34868-MainThread"}, {"name": "framework", "value": "pytest"}, {"name": "language", "value": "cpython3"}, {"name": "package", "value": "Web_Testing.Tests.test_accountoverview"}]}