{"name": "Clicking Download link", "status": "failed", "statusDetails": {"message": "AssertionError: assert False", "trace": "self = <Web_Testing.Tests.test_accountoverview.TestAccountOverview object at 0x04F88DA8>, setup = None\n\n    @allure.severity(allure.severity_level.BLOCKER)\n    @allure.story(\"Account Overview Tests\")\n    @allure.sub_suite(\"Clicking Download link\")\n    @allure.title(\"Clicking Download link\")\n    @allure.description(\"Clicking Download link\")\n    @pytest.mark.Do\n    @pytest.mark.AccountOverview\n    def test_case_3(self, setup):\n        account_overview_page = AccountOverviewPage(self.driver)\n        account_overview_page.click_download_link()\n        if self.driver.current_url == \"http://localhost:3000/download\":\n            assert True\n        else:\n            WebHelper().report_allure(\"Download not functional\", self.driver)\n>           assert False\nE           assert False\n\nWeb_Testing\\Tests\\test_accountoverview.py:112: AssertionError"}, "description": "Clicking Download link", "attachments": [{"name": "Download not functional", "source": "5a000da6-9557-4769-b405-bab3defce8f9-attachment.png", "type": "image/png"}], "start": 1586057735472, "stop": 1586057735818, "uuid": "732d5102-d62d-4623-b841-200f4a54aef7", "historyId": "2892d8ab8636a2ec604d4d8b22e307e8", "testCaseId": "d2de41451b880ecfa45c7121ba0067b1", "fullName": "Web_Testing.Tests.test_accountoverview.TestAccountOverview#test_case_3", "labels": [{"name": "parentSuite", "value": "End to End testing"}, {"name": "suite", "value": "Account Overview Tests"}, {"name": "story", "value": "Account Overview Tests"}, {"name": "feature", "value": "Account Overview Tests"}, {"name": "severity", "value": "blocker"}, {"name": "subSuite", "value": "Clicking Download link"}, {"name": "tag", "value": "AccountOverview"}, {"name": "tag", "value": "Do"}, {"name": "host", "value": "Eman"}, {"name": "thread", "value": "34868-MainThread"}, {"name": "framework", "value": "pytest"}, {"name": "language", "value": "cpython3"}, {"name": "package", "value": "Web_Testing.Tests.test_accountoverview"}]}