{"name": "Clicking account link", "status": "failed", "statusDetails": {"message": "AssertionError: assert False", "trace": "self = <Web_Testing.Tests.test_accountoverview.TestAccountOverview object at 0x04F9B568>, setup = None\n\n    @allure.severity(allure.severity_level.BLOCKER)\n    @allure.story(\"Account Overview Tests\")\n    @allure.sub_suite(\"Clicking account link\")\n    @allure.title(\"Clicking account link\")\n    @allure.description(\"Clicking account link\")\n    @pytest.mark.Do\n    @pytest.mark.AccountOverview\n    def test_case_2(self, setup):\n        account_overview_page = AccountOverviewPage(self.driver)\n        account_overview_page.click_profile()\n        account_overview_page.click_account()\n        if self.driver.current_url == WebHelper().get_account_overview_url():\n            assert True\n        else:\n            WebHelper().report_allure(\"Account link not functional\", self.driver)\n>           assert False\nE           assert False\n\nWeb_Testing\\Tests\\test_accountoverview.py:95: AssertionError"}, "description": "Clicking account link", "attachments": [{"name": "Account link not functional", "source": "7e8c96f4-72f4-4108-9427-c9b696f8488e-attachment.png", "type": "image/png"}], "start": 1586057734565, "stop": 1586057734974, "uuid": "80896995-8eff-4af8-b8ef-2d30070fce60", "historyId": "1ec4fba7ed3f214ca0c3e7e4c0a76560", "testCaseId": "e120c83d2ce4193afd14334eaf903711", "fullName": "Web_Testing.Tests.test_accountoverview.TestAccountOverview#test_case_2", "labels": [{"name": "subSuite", "value": "Clicking account link"}, {"name": "parentSuite", "value": "End to End testing"}, {"name": "suite", "value": "Account Overview Tests"}, {"name": "story", "value": "Account Overview Tests"}, {"name": "severity", "value": "blocker"}, {"name": "feature", "value": "Account Overview Tests"}, {"name": "tag", "value": "AccountOverview"}, {"name": "tag", "value": "Do"}, {"name": "host", "value": "Eman"}, {"name": "thread", "value": "34868-MainThread"}, {"name": "framework", "value": "pytest"}, {"name": "language", "value": "cpython3"}, {"name": "package", "value": "Web_Testing.Tests.test_accountoverview"}]}