{"name": "Clicking account link", "status": "failed", "statusDetails": {"message": "AssertionError: assert False", "trace": "self = <Web_Testing.Tests.test_accountoverview.TestAccountOverview object at 0x00000219CD41C688>, setup = None\n\n    @allure.severity(allure.severity_level.BLOCKER)\n    @allure.story(\"Account Overview Tests\")\n    @allure.sub_suite(\"Clicking account link\")\n    @allure.title(\"Clicking account link\")\n    @allure.description(\"Clicking account link\")\n    @pytest.mark.Do\n    @pytest.mark.AccountOverview\n    def test_case_2(self, setup):\n        self.login_first()\n        self.account_overview_page.click_profile()\n        self.account_overview_page.click_account()\n        if self.driver.current_url == WebHelper().get_account_overview_url():\n            assert True\n        else:\n            WebHelper().report_allure(\"Account link not functional\", self.driver)\n>           assert False\nE           assert False\n\nWeb_Testing\\Tests\\test_accountoverview.py:97: AssertionError"}, "description": "Clicking account link", "attachments": [{"name": "Account link not functional", "source": "7d82472a-9d6e-4286-bbd8-ab098aea1d63-attachment.png", "type": "image/png"}], "start": 1586148238505, "stop": 1586148242642, "uuid": "23179706-9687-4846-9404-47f5e7396759", "historyId": "1ec4fba7ed3f214ca0c3e7e4c0a76560", "testCaseId": "e120c83d2ce4193afd14334eaf903711", "fullName": "Web_Testing.Tests.test_accountoverview.TestAccountOverview#test_case_2", "labels": [{"name": "feature", "value": "Account Overview Tests"}, {"name": "severity", "value": "blocker"}, {"name": "suite", "value": "Account Overview Tests"}, {"name": "parentSuite", "value": "End to End testing"}, {"name": "story", "value": "Account Overview Tests"}, {"name": "subSuite", "value": "Clicking account link"}, {"name": "tag", "value": "AccountOverview"}, {"name": "tag", "value": "Do"}, {"name": "host", "value": "LAPTOP-8H6HECEC"}, {"name": "thread", "value": "18576-MainThread"}, {"name": "framework", "value": "pytest"}, {"name": "language", "value": "cpython3"}, {"name": "package", "value": "Web_Testing.Tests.test_accountoverview"}]}