{"name": "Clicking logout link", "status": "failed", "statusDetails": {"message": "AssertionError: assert False", "trace": "self = <Web_Testing.Tests.test_accountoverview.TestAccountOverview object at 0x044D5808>, setup = None\n\n    @allure.severity(allure.severity_level.BLOCKER)\n    @allure.story(\"Account Overview Tests\")\n    @allure.sub_suite(\"Clicking logout link\")\n    @allure.title(\"Clicking logout link\")\n    @allure.description(\"Clicking logout link\")\n    @pytest.mark.Do\n    @pytest.mark.AccounOverview\n    def test_case_13(self, setup):\n        self.account_overview_page.click_logout()\n        if self.driver.current_url == WebHelper().get_login_url():\n            assert True\n        else:\n            WebHelper().report_allure(\"Logout link not functional\", self.driver)\n>           assert False\nE           assert False\n\nWeb_Testing\\Tests\\test_accountoverview.py:271: AssertionError"}, "description": "Clicking logout link", "attachments": [{"name": "Logout link not functional", "source": "e1b1d8c6-e334-4a70-bd64-9ba819c9e381-attachment.png", "type": "image/png"}], "start": 1586104118360, "stop": 1586104118715, "uuid": "c93a07b5-3f23-483f-ae94-ecc3779698a4", "historyId": "18abb3f8d6275696d7a1240f296c5048", "testCaseId": "2b269d241c9f881ce99e8ea5e8ff7730", "fullName": "Web_Testing.Tests.test_accountoverview.TestAccountOverview#test_case_13", "labels": [{"name": "story", "value": "Account Overview Tests"}, {"name": "feature", "value": "Account Overview Tests"}, {"name": "subSuite", "value": "Clicking logout link"}, {"name": "severity", "value": "blocker"}, {"name": "parentSuite", "value": "End to End testing"}, {"name": "suite", "value": "Account Overview Tests"}, {"name": "tag", "value": "Do"}, {"name": "tag", "value": "AccounOverview"}, {"name": "host", "value": "Eman"}, {"name": "thread", "value": "36688-MainThread"}, {"name": "framework", "value": "pytest"}, {"name": "language", "value": "cpython3"}, {"name": "package", "value": "Web_Testing.Tests.test_accountoverview"}]}