{"name": "Clicking edit profile button", "status": "failed", "statusDetails": {"message": "AssertionError: assert False", "trace": "self = <Web_Testing.Tests.test_accountoverview.TestAccountOverview object at 0x04FB46E8>, setup = None\n\n    @allure.severity(allure.severity_level.BLOCKER)\n    @allure.story(\"Account Overview tests\")\n    @allure.sub_suite(\"Clicking edit profile button\")\n    @allure.title(\"Clicking edit profile button\")\n    @allure.description(\"Clicking edit profile button\")\n    @pytest.mark.Do\n    @pytest.mark.AccountOverview\n    def test_case_12(self, setup):\n        account_overview_page = AccountOverviewPage(self.driver)\n        account_overview_page.click_edit_profile_btn()\n        if self.driver.current_url == WebHelper().get_account_edit_url():\n            assert True\n        else:\n            WebHelper().report_allure(\"edit profile button not functional\", self.driver)\n>           assert False\nE           assert False\n\nWeb_Testing\\Tests\\test_accountoverview.py:265: AssertionError"}, "description": "Clicking edit profile button", "attachments": [{"name": "edit profile button not functional", "source": "d60ab95e-0cf2-4972-b987-da2b8b8f1a9c-attachment.png", "type": "image/png"}], "start": 1586057745107, "stop": 1586057745448, "uuid": "d83cc079-3b69-4a5a-bb91-b7b325800ecb", "historyId": "17a383a15937f3bf75b9528eb521a20b", "testCaseId": "7c19e9f9d4e911e2b45202c1a41bd90f", "fullName": "Web_Testing.Tests.test_accountoverview.TestAccountOverview#test_case_12", "labels": [{"name": "parentSuite", "value": "End to End testing"}, {"name": "suite", "value": "Account Overview Tests"}, {"name": "story", "value": "Account Overview tests"}, {"name": "subSuite", "value": "Clicking edit profile button"}, {"name": "severity", "value": "blocker"}, {"name": "feature", "value": "Account Overview Tests"}, {"name": "tag", "value": "AccountOverview"}, {"name": "tag", "value": "Do"}, {"name": "host", "value": "Eman"}, {"name": "thread", "value": "34868-MainThread"}, {"name": "framework", "value": "pytest"}, {"name": "language", "value": "cpython3"}, {"name": "package", "value": "Web_Testing.Tests.test_accountoverview"}]}