{"name": "Clicking change password link", "status": "failed", "statusDetails": {"message": "AssertionError: assert False", "trace": "self = <Web_Testing.Tests.test_accountoverview.TestAccountOverview object at 0x043C00B8>, setup = None\n\n    @allure.severity(allure.severity_level.BLOCKER)\n    @allure.story(\"Account Overview tests\")\n    @allure.sub_suite(\"Clicking change password link\")\n    @allure.title(\"Clicking change password link\")\n    @allure.description(\"Clicking change password link\")\n    @pytest.mark.Do\n    @pytest.mark.AccountOverview\n    def test_case_8(self, setup):\n        self.account_overview_page.click_change_password()\n        if self.driver.current_url == \"http://localhost:3000/changepassword\":\n            assert True\n        else:\n            WebHelper().report_allure(\"change password link not functional\", self.driver)\n>           assert False\nE           assert False\n\nWeb_Testing\\Tests\\test_accountoverview.py:191: AssertionError"}, "description": "Clicking change password link", "attachments": [{"name": "change password link not functional", "source": "ed488d5c-7424-4030-b074-638a5afac563-attachment.png", "type": "image/png"}], "start": 1586059107464, "stop": 1586059107816, "uuid": "6276934c-6a0f-412e-baf8-343428218d9d", "historyId": "4065d098937cafe8ace6f4cc0da1d752", "testCaseId": "cf116f544b2851c5af1c0a6e9c3ef71e", "fullName": "Web_Testing.Tests.test_accountoverview.TestAccountOverview#test_case_8", "labels": [{"name": "parentSuite", "value": "End to End testing"}, {"name": "story", "value": "Account Overview tests"}, {"name": "severity", "value": "blocker"}, {"name": "suite", "value": "Account Overview Tests"}, {"name": "feature", "value": "Account Overview Tests"}, {"name": "subSuite", "value": "Clicking change password link"}, {"name": "tag", "value": "AccountOverview"}, {"name": "tag", "value": "Do"}, {"name": "host", "value": "Eman"}, {"name": "thread", "value": "19580-MainThread"}, {"name": "framework", "value": "pytest"}, {"name": "language", "value": "cpython3"}, {"name": "package", "value": "Web_Testing.Tests.test_accountoverview"}]}