{"name": "Clicking redeem link", "status": "failed", "statusDetails": {"message": "AssertionError: assert False", "trace": "self = <Web_Testing.Tests.test_accountoverview.TestAccountOverview object at 0x04F81340>, setup = None\n\n    @allure.severity(allure.severity_level.BLOCKER)\n    @allure.story(\"Account Overview tests\")\n    @allure.sub_suite(\"Clicking redeem link\")\n    @allure.title(\"Clicking redeem link\")\n    @allure.description(\"Clicking redeem link\")\n    @pytest.mark.Do\n    @pytest.mark.AccountOverview\n    def test_case_10(self, setup):\n        account_overview_page = AccountOverviewPage(self.driver)\n        account_overview_page.click_redeem_link()\n        if self.driver.current_url == \"http://localhost:3000/redeem\":\n            assert True\n        else:\n            WebHelper().report_allure(\"Redeem link not functional\", self.driver)\n>           assert False\nE           assert False\n\nWeb_Testing\\Tests\\test_accountoverview.py:231: AssertionError"}, "description": "Clicking redeem link", "attachments": [{"name": "Redeem link not functional", "source": "fb9cd70d-30e2-4289-ae3d-194f877afa23-attachment.png", "type": "image/png"}], "start": 1586057743109, "stop": 1586057743491, "uuid": "881c653f-5cde-4049-874f-e19623e1cb72", "historyId": "a24f95fc448a42a82ffb2fbf99a48577", "testCaseId": "c77d25f5915e3777c9e86cc849226edf", "fullName": "Web_Testing.Tests.test_accountoverview.TestAccountOverview#test_case_10", "labels": [{"name": "parentSuite", "value": "End to End testing"}, {"name": "suite", "value": "Account Overview Tests"}, {"name": "subSuite", "value": "Clicking redeem link"}, {"name": "story", "value": "Account Overview tests"}, {"name": "severity", "value": "blocker"}, {"name": "feature", "value": "Account Overview Tests"}, {"name": "tag", "value": "AccountOverview"}, {"name": "tag", "value": "Do"}, {"name": "host", "value": "Eman"}, {"name": "thread", "value": "34868-MainThread"}, {"name": "framework", "value": "pytest"}, {"name": "language", "value": "cpython3"}, {"name": "package", "value": "Web_Testing.Tests.test_accountoverview"}]}