{"name": "Clicking redeem link", "status": "failed", "statusDetails": {"message": "AssertionError: assert False", "trace": "self = <Web_Testing.Tests.test_accountoverview.TestAccountOverview object at 0x044BBAA8>, setup = None\n\n    @allure.severity(allure.severity_level.BLOCKER)\n    @allure.story(\"Account Overview tests\")\n    @allure.sub_suite(\"Clicking redeem link\")\n    @allure.title(\"Clicking redeem link\")\n    @allure.description(\"Clicking redeem link\")\n    @pytest.mark.Do\n    @pytest.mark.AccountOverview\n    def test_case_10(self, setup):\n        self.account_overview_page.click_redeem_link()\n        if self.driver.current_url == \"http://localhost:3000\":\n            assert True\n        else:\n            WebHelper().report_allure(\"Redeem link not functional\", self.driver)\n>           assert False\nE           assert False\n\nWeb_Testing\\Tests\\test_accountoverview.py:223: AssertionError"}, "description": "Clicking redeem link", "attachments": [{"name": "Redeem link not functional", "source": "88ce781f-9de1-4eb4-8ca5-1365a0a36ffa-attachment.png", "type": "image/png"}], "start": 1586104115195, "stop": 1586104115539, "uuid": "93aa788f-66be-4f70-beac-09a5b2782810", "historyId": "a24f95fc448a42a82ffb2fbf99a48577", "testCaseId": "c77d25f5915e3777c9e86cc849226edf", "fullName": "Web_Testing.Tests.test_accountoverview.TestAccountOverview#test_case_10", "labels": [{"name": "story", "value": "Account Overview tests"}, {"name": "feature", "value": "Account Overview Tests"}, {"name": "severity", "value": "blocker"}, {"name": "parentSuite", "value": "End to End testing"}, {"name": "suite", "value": "Account Overview Tests"}, {"name": "subSuite", "value": "Clicking redeem link"}, {"name": "tag", "value": "AccountOverview"}, {"name": "tag", "value": "Do"}, {"name": "host", "value": "Eman"}, {"name": "thread", "value": "36688-MainThread"}, {"name": "framework", "value": "pytest"}, {"name": "language", "value": "cpython3"}, {"name": "package", "value": "Web_Testing.Tests.test_accountoverview"}]}