{"name": "Clicking edit profile link", "status": "failed", "statusDetails": {"message": "AssertionError: assert False", "trace": "self = <Web_Testing.Tests.test_accountoverview.TestAccountOverview object at 0x04F05CE8>, setup = None\n\n    @allure.severity(allure.severity_level.BLOCKER)\n    @allure.story(\"Account Overview tests\")\n    @allure.sub_suite(\"Clicking edit profile link\")\n    @allure.title(\"Clicking edit profile link\")\n    @allure.description(\"Clicking edit profile link\")\n    @pytest.mark.Do\n    @pytest.mark.AccountOverview\n    def test_case_7(self, setup):\n        account_overview_page = AccountOverviewPage(self.driver)\n        account_overview_page.click_edit_profile()\n        if self.driver.current_url == WebHelper().get_account_edit_url():\n            assert True\n        else:\n            WebHelper().report_allure(\"Account Overview link not functional\", self.driver)\n>           assert False\nE           assert False\n\nWeb_Testing\\Tests\\test_accountoverview.py:180: AssertionError"}, "description": "Clicking edit profile link", "attachments": [{"name": "Account Overview link not functional", "source": "09a22baa-bea5-496f-a5f6-8d34efed681a-attachment.png", "type": "image/png"}], "start": 1586057740140, "stop": 1586057740515, "uuid": "4655f9d9-17ff-43e4-bf4c-9c45167903cf", "historyId": "c302be11362c7a9ec1e21f164c6567ee", "testCaseId": "9f3fe85a62c1f49bb25c3bee616f47bb", "fullName": "Web_Testing.Tests.test_accountoverview.TestAccountOverview#test_case_7", "labels": [{"name": "parentSuite", "value": "End to End testing"}, {"name": "suite", "value": "Account Overview Tests"}, {"name": "story", "value": "Account Overview tests"}, {"name": "severity", "value": "blocker"}, {"name": "subSuite", "value": "Clicking edit profile link"}, {"name": "feature", "value": "Account Overview Tests"}, {"name": "tag", "value": "AccountOverview"}, {"name": "tag", "value": "Do"}, {"name": "host", "value": "Eman"}, {"name": "thread", "value": "34868-MainThread"}, {"name": "framework", "value": "pytest"}, {"name": "language", "value": "cpython3"}, {"name": "package", "value": "Web_Testing.Tests.test_accountoverview"}]}