{"name": "Clicking help link", "status": "failed", "statusDetails": {"message": "AssertionError: assert False", "trace": "self = <Web_Testing.Tests.test_accountoverview.TestAccountOverview object at 0x034768C8>, setup = None\n\n    @allure.severity(allure.severity_level.BLOCKER)\n    @allure.story(\"Account Overview Tests\")\n    @allure.sub_suite(\"Clicking help link\")\n    @allure.title(\"Clicking help link\")\n    @allure.description(\"Clicking help link\")\n    @pytest.mark.Do\n    @pytest.mark.AccountOverview\n    def test_case_4(self, setup):\n        self.account_overview_page.click_help_link()\n        if self.driver.current_url == WebHelper().get_home_url():\n            assert True\n        else:\n            WebHelper().report_allure(\"Help link not functional\", self.driver)\n>           assert False\nE           assert False\n\nWeb_Testing\\Tests\\test_accountoverview.py:127: AssertionError"}, "description": "Clicking help link", "attachments": [{"name": "Help link not functional", "source": "eba7b3dc-50a6-4ab8-af86-46e10fb7a949-attachment.png", "type": "image/png"}], "start": 1586104109138, "stop": 1586104109495, "uuid": "96b0ed33-30fd-443a-80bc-1be4ab85b165", "historyId": "b401009db52b1657e952a4c8ed3aaff0", "testCaseId": "69d7e94ea1b906604ff889def9f70a24", "fullName": "Web_Testing.Tests.test_accountoverview.TestAccountOverview#test_case_4", "labels": [{"name": "story", "value": "Account Overview Tests"}, {"name": "subSuite", "value": "Clicking help link"}, {"name": "feature", "value": "Account Overview Tests"}, {"name": "severity", "value": "blocker"}, {"name": "parentSuite", "value": "End to End testing"}, {"name": "suite", "value": "Account Overview Tests"}, {"name": "tag", "value": "AccountOverview"}, {"name": "tag", "value": "Do"}, {"name": "host", "value": "Eman"}, {"name": "thread", "value": "36688-MainThread"}, {"name": "framework", "value": "pytest"}, {"name": "language", "value": "cpython3"}, {"name": "package", "value": "Web_Testing.Tests.test_accountoverview"}]}