{"name": "Clicking change password link", "status": "failed", "statusDetails": {"message": "AssertionError: assert False", "trace": "self = <Web_Testing.Tests.test_accountoverview.TestAccountOverview object at 0x00000219CD3880C8>, setup = None\n\n    @allure.severity(allure.severity_level.BLOCKER)\n    @allure.story(\"Account Overview tests\")\n    @allure.sub_suite(\"Clicking change password link\")\n    @allure.title(\"Clicking change password link\")\n    @allure.description(\"Clicking change password link\")\n    @pytest.mark.Do\n    @pytest.mark.AccountOverview\n    def test_case_8(self, setup):\n        self.account_overview_page.click_change_password()\n        if self.driver.current_url == WebHelper().get_account_changepassword_url():\n            assert True\n        else:\n            WebHelper().report_allure(\"change password link not functional\", self.driver)\n>           assert False\nE           assert False\n\nWeb_Testing\\Tests\\test_accountoverview.py:195: AssertionError"}, "description": "Clicking change password link", "attachments": [{"name": "change password link not functional", "source": "36e644f4-671e-4bbd-884e-05d0f852a09c-attachment.png", "type": "image/png"}], "start": 1586148253380, "stop": 1586148253774, "uuid": "c3af326b-29b8-43aa-9376-6fd2a1c0447b", "historyId": "4065d098937cafe8ace6f4cc0da1d752", "testCaseId": "cf116f544b2851c5af1c0a6e9c3ef71e", "fullName": "Web_Testing.Tests.test_accountoverview.TestAccountOverview#test_case_8", "labels": [{"name": "subSuite", "value": "Clicking change password link"}, {"name": "feature", "value": "Account Overview Tests"}, {"name": "severity", "value": "blocker"}, {"name": "suite", "value": "Account Overview Tests"}, {"name": "parentSuite", "value": "End to End testing"}, {"name": "story", "value": "Account Overview tests"}, {"name": "tag", "value": "AccountOverview"}, {"name": "tag", "value": "Do"}, {"name": "host", "value": "LAPTOP-8H6HECEC"}, {"name": "thread", "value": "18576-MainThread"}, {"name": "framework", "value": "pytest"}, {"name": "language", "value": "cpython3"}, {"name": "package", "value": "Web_Testing.Tests.test_accountoverview"}]}