{"name": "Clicking change password link", "status": "failed", "statusDetails": {"message": "AssertionError: assert False", "trace": "self = <Web_Testing.Tests.test_accountoverview.TestAccountOverview object at 0x042099E8>, setup = None\n\n    @allure.severity(allure.severity_level.BLOCKER)\n    @allure.story(\"Account Overview tests\")\n    @allure.sub_suite(\"Clicking change password link\")\n    @allure.title(\"Clicking change password link\")\n    @allure.description(\"Clicking change password link\")\n    @pytest.mark.Do\n    @pytest.mark.AccountOverview\n    def test_case_8(self, setup):\n        self.account_overview_page.click_change_password()\n        if self.driver.current_url == WebHelper().get_account_changepassword_url():\n            assert True\n        else:\n            WebHelper().report_allure(\"change password link not functional\", self.driver)\n>           assert False\nE           assert False\n\nWeb_Testing\\Tests\\test_accountoverview.py:191: AssertionError"}, "description": "Clicking change password link", "attachments": [{"name": "change password link not functional", "source": "6490fcc1-b4f2-48e2-b495-722792a6bb77-attachment.png", "type": "image/png"}], "start": 1586104112958, "stop": 1586104113514, "uuid": "d9b28bfe-cd25-4968-96f8-d7d2e989ac72", "historyId": "4065d098937cafe8ace6f4cc0da1d752", "testCaseId": "cf116f544b2851c5af1c0a6e9c3ef71e", "fullName": "Web_Testing.Tests.test_accountoverview.TestAccountOverview#test_case_8", "labels": [{"name": "story", "value": "Account Overview tests"}, {"name": "feature", "value": "Account Overview Tests"}, {"name": "severity", "value": "blocker"}, {"name": "subSuite", "value": "Clicking change password link"}, {"name": "parentSuite", "value": "End to End testing"}, {"name": "suite", "value": "Account Overview Tests"}, {"name": "tag", "value": "AccountOverview"}, {"name": "tag", "value": "Do"}, {"name": "host", "value": "Eman"}, {"name": "thread", "value": "36688-MainThread"}, {"name": "framework", "value": "pytest"}, {"name": "language", "value": "cpython3"}, {"name": "package", "value": "Web_Testing.Tests.test_accountoverview"}]}