{"name": "Clicking account overview link", "status": "failed", "statusDetails": {"message": "AssertionError: assert False", "trace": "self = <Web_Testing.Tests.test_accountoverview.TestAccountOverview object at 0x043C0328>, setup = None\n\n    @allure.severity(allure.severity_level.BLOCKER)\n    @allure.story(\"Account Overview tests\")\n    @allure.sub_suite(\"Clicking account overview link\")\n    @allure.title(\"Clicking account overview link\")\n    @allure.description(\"Clicking account overview link\")\n    @pytest.mark.Do\n    @pytest.mark.AccountOverview\n    def test_case_6(self, setup):\n        self.account_overview_page.click_account_overview()\n        if self.driver.current_url == WebHelper().get_account_overview_url():\n            assert True\n        else:\n            WebHelper().report_allure(\"Account Overview link not functional\", self.driver)\n>           assert False\nE           assert False\n\nWeb_Testing\\Tests\\test_accountoverview.py:159: AssertionError"}, "description": "Clicking account overview link", "attachments": [{"name": "Account Overview link not functional", "source": "9e6f27a1-fc1d-4b73-8aed-ce64fbde30ea-attachment.png", "type": "image/png"}], "start": 1586059105330, "stop": 1586059105702, "uuid": "37a18df3-d144-48d8-baeb-cb535d4a60bc", "historyId": "b955b3f85488e44428db831b8fbbdcd3", "testCaseId": "83635f4bb9311843e6a33db7a10e0a1d", "fullName": "Web_Testing.Tests.test_accountoverview.TestAccountOverview#test_case_6", "labels": [{"name": "parentSuite", "value": "End to End testing"}, {"name": "story", "value": "Account Overview tests"}, {"name": "subSuite", "value": "Clicking account overview link"}, {"name": "severity", "value": "blocker"}, {"name": "suite", "value": "Account Overview Tests"}, {"name": "feature", "value": "Account Overview Tests"}, {"name": "tag", "value": "AccountOverview"}, {"name": "tag", "value": "Do"}, {"name": "host", "value": "Eman"}, {"name": "thread", "value": "19580-MainThread"}, {"name": "framework", "value": "pytest"}, {"name": "language", "value": "cpython3"}, {"name": "package", "value": "Web_Testing.Tests.test_accountoverview"}]}