{"name": "Clicking account overview link", "status": "failed", "statusDetails": {"message": "AssertionError: assert False", "trace": "self = <Web_Testing.Tests.test_accountoverview.TestAccountOverview object at 0x00000219CD38AE88>, setup = None\n\n    @allure.severity(allure.severity_level.BLOCKER)\n    @allure.story(\"Account Overview tests\")\n    @allure.sub_suite(\"Clicking account overview link\")\n    @allure.title(\"Clicking account overview link\")\n    @allure.description(\"Clicking account overview link\")\n    @pytest.mark.Do\n    @pytest.mark.AccountOverview\n    def test_case_6(self, setup):\n        self.account_overview_page.click_account_overview()\n        if self.driver.current_url == WebHelper().get_account_overview_url():\n            assert True\n        else:\n            WebHelper().report_allure(\"Account Overview link not functional\", self.driver)\n>           assert False\nE           assert False\n\nWeb_Testing\\Tests\\test_accountoverview.py:163: AssertionError"}, "description": "Clicking account overview link", "attachments": [{"name": "Account Overview link not functional", "source": "8b627fc9-2dd8-4fdf-8509-7f914a4f9886-attachment.png", "type": "image/png"}], "start": 1586148250695, "stop": 1586148251040, "uuid": "0bcdbfb2-728b-468b-9c12-1f5aca218eab", "historyId": "b955b3f85488e44428db831b8fbbdcd3", "testCaseId": "83635f4bb9311843e6a33db7a10e0a1d", "fullName": "Web_Testing.Tests.test_accountoverview.TestAccountOverview#test_case_6", "labels": [{"name": "feature", "value": "Account Overview Tests"}, {"name": "severity", "value": "blocker"}, {"name": "suite", "value": "Account Overview Tests"}, {"name": "parentSuite", "value": "End to End testing"}, {"name": "subSuite", "value": "Clicking account overview link"}, {"name": "story", "value": "Account Overview tests"}, {"name": "tag", "value": "AccountOverview"}, {"name": "tag", "value": "Do"}, {"name": "host", "value": "LAPTOP-8H6HECEC"}, {"name": "thread", "value": "18576-MainThread"}, {"name": "framework", "value": "pytest"}, {"name": "language", "value": "cpython3"}, {"name": "package", "value": "Web_Testing.Tests.test_accountoverview"}]}