{"name": "Clicking help link", "status": "failed", "statusDetails": {"message": "AssertionError: assert False", "trace": "self = <Web_Testing.Tests.test_accountoverview.TestAccountOverview object at 0x00000219CD3E93C8>, setup = None\n\n    @allure.severity(allure.severity_level.BLOCKER)\n    @allure.story(\"Account Overview Tests\")\n    @allure.sub_suite(\"Clicking help link\")\n    @allure.title(\"Clicking help link\")\n    @allure.description(\"Clicking help link\")\n    @pytest.mark.Do\n    @pytest.mark.AccountOverview\n    def test_case_4(self, setup):\n    \n        self.account_overview_page.click_help_link()\n        if self.driver.current_url == WebHelper().get_home_url():\n            assert True\n        else:\n            WebHelper().report_allure(\"Help link not functional\", self.driver)\n>           assert False\nE           assert False\n\nWeb_Testing\\Tests\\test_accountoverview.py:131: AssertionError"}, "description": "Clicking help link", "attachments": [{"name": "Help link not functional", "source": "061e3c2a-5c3d-4467-9b45-5e1b8e98765b-attachment.png", "type": "image/png"}], "start": 1586148248376, "stop": 1586148248748, "uuid": "b76082b3-6018-414a-9cd2-32560b95e838", "historyId": "b401009db52b1657e952a4c8ed3aaff0", "testCaseId": "69d7e94ea1b906604ff889def9f70a24", "fullName": "Web_Testing.Tests.test_accountoverview.TestAccountOverview#test_case_4", "labels": [{"name": "feature", "value": "Account Overview Tests"}, {"name": "subSuite", "value": "Clicking help link"}, {"name": "severity", "value": "blocker"}, {"name": "suite", "value": "Account Overview Tests"}, {"name": "parentSuite", "value": "End to End testing"}, {"name": "story", "value": "Account Overview Tests"}, {"name": "tag", "value": "AccountOverview"}, {"name": "tag", "value": "Do"}, {"name": "host", "value": "LAPTOP-8H6HECEC"}, {"name": "thread", "value": "18576-MainThread"}, {"name": "framework", "value": "pytest"}, {"name": "language", "value": "cpython3"}, {"name": "package", "value": "Web_Testing.Tests.test_accountoverview"}]}