{"name": "Clicking help link", "status": "failed", "statusDetails": {"message": "AssertionError: assert False", "trace": "self = <Web_Testing.Tests.test_accountoverview.TestAccountOverview object at 0x03356EE0>, setup = None\n\n    @allure.severity(allure.severity_level.BLOCKER)\n    @allure.story(\"Account Overview Tests\")\n    @allure.sub_suite(\"Clicking help link\")\n    @allure.title(\"Clicking help link\")\n    @allure.description(\"Clicking help link\")\n    @pytest.mark.Do\n    @pytest.mark.AccountOverview\n    def test_case_4(self, setup):\n        self.account_overview_page.click_help_link()\n        if self.driver.current_url == \"http://localhost:3000/help\":\n            assert True\n        else:\n            WebHelper().report_allure(\"Help link not functional\", self.driver)\n>           assert False\nE           assert False\n\nWeb_Testing\\Tests\\test_accountoverview.py:127: AssertionError"}, "description": "Clicking help link", "attachments": [{"name": "Help link not functional", "source": "d0960f43-8e4e-46d1-9ba7-0d6ae53307d4-attachment.png", "type": "image/png"}], "start": 1586059103264, "stop": 1586059103615, "uuid": "0390ba61-5acf-4e12-b946-915b3264a4ee", "historyId": "b401009db52b1657e952a4c8ed3aaff0", "testCaseId": "69d7e94ea1b906604ff889def9f70a24", "fullName": "Web_Testing.Tests.test_accountoverview.TestAccountOverview#test_case_4", "labels": [{"name": "parentSuite", "value": "End to End testing"}, {"name": "story", "value": "Account Overview Tests"}, {"name": "severity", "value": "blocker"}, {"name": "suite", "value": "Account Overview Tests"}, {"name": "subSuite", "value": "Clicking help link"}, {"name": "feature", "value": "Account Overview Tests"}, {"name": "tag", "value": "AccountOverview"}, {"name": "tag", "value": "Do"}, {"name": "host", "value": "Eman"}, {"name": "thread", "value": "19580-MainThread"}, {"name": "framework", "value": "pytest"}, {"name": "language", "value": "cpython3"}, {"name": "package", "value": "Web_Testing.Tests.test_accountoverview"}]}