{"name": "Clicking account overview link", "status": "failed", "statusDetails": {"message": "AssertionError: assert False", "trace": "self = <Web_Testing.Tests.test_accountoverview.TestAccountOverview object at 0x04F9B8F8>, setup = None\n\n    @allure.severity(allure.severity_level.BLOCKER)\n    @allure.story(\"Account Overview tests\")\n    @allure.sub_suite(\"Clicking account overview link\")\n    @allure.title(\"Clicking account overview link\")\n    @allure.description(\"Clicking account overview link\")\n    @pytest.mark.Do\n    @pytest.mark.AccountOverview\n    def test_case_6(self, setup):\n        account_overview_page = AccountOverviewPage(self.driver)\n        account_overview_page.click_account_overview()\n        if self.driver.current_url == WebHelper().get_account_overview_url():\n            assert True\n        else:\n            WebHelper().report_allure(\"Account Overview link not functional\", self.driver)\n>           assert False\nE           assert False\n\nWeb_Testing\\Tests\\test_accountoverview.py:163: AssertionError"}, "description": "Clicking account overview link", "attachments": [{"name": "Account Overview link not functional", "source": "d9f64a71-9ffe-4abd-b064-9ce469b729a3-attachment.png", "type": "image/png"}], "start": 1586057739344, "stop": 1586057739693, "uuid": "6a0ea54b-faf5-4071-bc9d-a1bfdce55c2c", "historyId": "b955b3f85488e44428db831b8fbbdcd3", "testCaseId": "83635f4bb9311843e6a33db7a10e0a1d", "fullName": "Web_Testing.Tests.test_accountoverview.TestAccountOverview#test_case_6", "labels": [{"name": "parentSuite", "value": "End to End testing"}, {"name": "suite", "value": "Account Overview Tests"}, {"name": "story", "value": "Account Overview tests"}, {"name": "subSuite", "value": "Clicking account overview link"}, {"name": "severity", "value": "blocker"}, {"name": "feature", "value": "Account Overview Tests"}, {"name": "tag", "value": "AccountOverview"}, {"name": "tag", "value": "Do"}, {"name": "host", "value": "Eman"}, {"name": "thread", "value": "34868-MainThread"}, {"name": "framework", "value": "pytest"}, {"name": "language", "value": "cpython3"}, {"name": "package", "value": "Web_Testing.Tests.test_accountoverview"}]}