{"name": "Clicking logout link", "status": "failed", "statusDetails": {"message": "AssertionError: assert False", "trace": "self = <Web_Testing.Tests.test_premium.TestLogin object at 0x0000022D9AC92E08>, setup = None\n\n    @allure.severity(allure.severity_level.BLOCKER)\n    @allure.story(\"Premium tests\")\n    @allure.sub_suite(\"Clicking logout link\")\n    @allure.title(\"Clicking logout link\")\n    @allure.description(\"Clicking logout link\")\n    @pytest.mark.Do\n    @pytest.mark.Premium\n    def test_case_6(self, setup):\n        pp = PremiumPage(self.driver)\n        pp.click_profile_link()\n        pp.click_logout_button()\n        if self.driver.current_url == \"http://localhost:3000/signin\":\n            assert True\n        else:\n            helper().report_allure(self.driver, \"Logout button not functional\")\n>           assert False\nE           assert False\n\nWeb_Testing\\Tests\\test_premium.py:139: AssertionError"}, "description": "Clicking logout link", "attachments": [{"name": "Logout button not functional", "source": "152ec3c9-3a4d-42bc-802f-a8fa36378338-attachment.png", "type": "image/png"}], "start": 1584862042962, "stop": 1584862043453, "uuid": "637865e7-1019-413c-9cb3-33f60a7cf672", "historyId": "c9790a819872a0d46526ddbba8676e4d", "testCaseId": "e063cddf21b33f8e4fe149434f4ef018", "fullName": "Web_Testing.Tests.test_premium.TestLogin#test_case_6", "labels": [{"name": "parentSuite", "value": "End to End testing"}, {"name": "suite", "value": "Premium page test"}, {"name": "severity", "value": "blocker"}, {"name": "story", "value": "Premium tests"}, {"name": "feature", "value": "Premium page test"}, {"name": "subSuite", "value": "Clicking logout link"}, {"name": "tag", "value": "Do"}, {"name": "tag", "value": "Premium"}, {"name": "host", "value": "DESKTOP-1RVKD4K"}, {"name": "thread", "value": "18296-MainThread"}, {"name": "framework", "value": "pytest"}, {"name": "language", "value": "cpython3"}, {"name": "package", "value": "Web_Testing.Tests.test_premium"}]}