{"name": "Clicking logout link", "status": "failed", "statusDetails": {"message": "AssertionError: assert False", "trace": "self = <Web_Testing.Tests.test_premium.TestLogin object at 0x00000159491D5908>, setup = None\n\n    @allure.severity(allure.severity_level.BLOCKER)\n    @allure.story(\"Premium tests\")\n    @allure.sub_suite(\"Clicking logout link\")\n    @allure.title(\"Clicking logout link\")\n    @allure.description(\"Clicking logout link\")\n    @pytest.mark.Do\n    @pytest.mark.Premium\n    def test_case_6(self, setup):\n        pp = PremiumPage(self.driver)\n        pp.click_profile_link()\n        pp.click_logout_button()\n        if self.driver.current_url == \"http://localhost:3000/signin\":\n            assert True\n        else:\n            helper().report_allure(self.driver, \"Logout button not functional\")\n>           assert False\nE           assert False\n\nWeb_Testing\\Tests\\test_premium.py:139: AssertionError"}, "description": "Clicking logout link", "attachments": [{"name": "Logout button not functional", "source": "09015f5b-49ba-4b43-989f-bc888b392c84-attachment.png", "type": "image/png"}], "start": 1584862337907, "stop": 1584862338362, "uuid": "34b752f6-f3d9-41a0-974d-17cf09cee926", "historyId": "c9790a819872a0d46526ddbba8676e4d", "testCaseId": "e063cddf21b33f8e4fe149434f4ef018", "fullName": "Web_Testing.Tests.test_premium.TestLogin#test_case_6", "labels": [{"name": "subSuite", "value": "Clicking logout link"}, {"name": "suite", "value": "Premium page test"}, {"name": "feature", "value": "Premium page test"}, {"name": "story", "value": "Premium tests"}, {"name": "severity", "value": "blocker"}, {"name": "parentSuite", "value": "End to End testing"}, {"name": "tag", "value": "Premium"}, {"name": "tag", "value": "Do"}, {"name": "host", "value": "DESKTOP-1RVKD4K"}, {"name": "thread", "value": "6404-MainThread"}, {"name": "framework", "value": "pytest"}, {"name": "language", "value": "cpython3"}, {"name": "package", "value": "Web_Testing.Tests.test_premium"}]}