{"name": "Clicking home link", "status": "failed", "statusDetails": {"message": "AssertionError", "trace": "self = <Web_Testing.Tests.test_premium.TestPremium object at 0x000002343CDA61C8>, setup = None\n\n    @allure.severity(allure.severity_level.BLOCKER)\n    @allure.story(\"Premium tests\")\n    @allure.sub_suite(\"Clicking home link\")\n    @allure.title(\"Clicking home link\")\n    @allure.description(\"Clicking home link\")\n    @pytest.mark.Do\n    @pytest.mark.Premium\n    def test_case_5(self, setup):\n        pp = PremiumPage(self.driver)\n>       pp.click_home_link()\n\nWeb_Testing\\Tests\\test_premium.py:116: \n_ _ _ _ _ _ _ _ _ _ _ _ _ _ _ _ _ _ _ _ _ _ _ _ _ _ _ _ _ _ _ _ _ _ _ _ _ _ _ _ _ _ _ _ _ _ _ _ _ _ _ _ _ _ _ _ _ _ _ _\n\nself = <Web_Testing.Pages.premium.PremiumPage object at 0x000002343CDA6408>\n\n    def click_home_link(self):\n        if helper().element_exists_by_xpath(self.driver, self.spotify_logo):\n            helper().find_element_by_xpath(self.driver, self.home_link).click()\n        else:\n            helper().report_allure(self.driver, \"Not Found\")\n>           assert False\nE           AssertionError\n\nWeb_Testing\\Pages\\premium.py:68: AssertionError"}, "description": "Clicking home link", "attachments": [{"name": "Not Found", "source": "3b2ea608-53d3-446e-b41f-98cac6c88349-attachment.png", "type": "image/png"}], "start": 1585110517302, "stop": 1585110517659, "uuid": "8d8febeb-cd0a-4d7d-a045-b2d8fed76a99", "historyId": "af19a16529b96487b1c98e11534f5426", "testCaseId": "4c448ce70786a10f41026dbba05fc91c", "fullName": "Web_Testing.Tests.test_premium.TestPremium#test_case_5", "labels": [{"name": "subSuite", "value": "Clicking home link"}, {"name": "feature", "value": "Premium page test"}, {"name": "suite", "value": "Premium page test"}, {"name": "severity", "value": "blocker"}, {"name": "parentSuite", "value": "End to End testing"}, {"name": "story", "value": "Premium tests"}, {"name": "tag", "value": "Do"}, {"name": "tag", "value": "Premium"}, {"name": "host", "value": "DESKTOP-1RVKD4K"}, {"name": "thread", "value": "15760-MainThread"}, {"name": "framework", "value": "pytest"}, {"name": "language", "value": "cpython3"}, {"name": "package", "value": "Web_Testing.Tests.test_premium"}]}