{"name": "Clicking Download link", "status": "failed", "statusDetails": {"message": "AssertionError: assert False", "trace": "self = <Web_Testing.Tests.test_premium.TestLogin object at 0x0000022D9A9BFC88>, setup = None\n\n    @allure.severity(allure.severity_level.BLOCKER)\n    @allure.story(\"Premium tests\")\n    @allure.sub_suite(\"Clicking Download link\")\n    @allure.title(\"Clicking Download link\")\n    @allure.description(\"Clicking Download link\")\n    @pytest.mark.Do\n    @pytest.mark.Premium\n    def test_case_3(self, setup):\n        pp = PremiumPage(self.driver)\n        pp.click_download_link()\n        if self.driver.current_url == \"http://localhost:3000/download\":\n            assert True\n        else:\n            helper().report_allure(self.driver, \"Download not functional\")\n>           assert False\nE           assert False\n\nWeb_Testing\\Tests\\test_premium.py:87: AssertionError"}, "description": "Clicking Download link", "attachments": [{"name": "Download not functional", "source": "83666335-1192-4214-abfd-18d0157b39f6-attachment.png", "type": "image/png"}], "start": 1584862039743, "stop": 1584862040418, "uuid": "ed9f72c1-98f7-45ba-ab72-f1d5c42209fd", "historyId": "a3ee252f97a0c2f648a73097c69d0e9b", "testCaseId": "c33ab2cb445bd25cc009c8e61bc9a1a2", "fullName": "Web_Testing.Tests.test_premium.TestLogin#test_case_3", "labels": [{"name": "parentSuite", "value": "End to End testing"}, {"name": "subSuite", "value": "Clicking Download link"}, {"name": "suite", "value": "Premium page test"}, {"name": "severity", "value": "blocker"}, {"name": "story", "value": "Premium tests"}, {"name": "feature", "value": "Premium page test"}, {"name": "tag", "value": "Do"}, {"name": "tag", "value": "Premium"}, {"name": "host", "value": "DESKTOP-1RVKD4K"}, {"name": "thread", "value": "18296-MainThread"}, {"name": "framework", "value": "pytest"}, {"name": "language", "value": "cpython3"}, {"name": "package", "value": "Web_Testing.Tests.test_premium"}]}